<?xml version="1.0" encoding="UTF-8"?>
<!-- Generated by org.testng.reporters.JUnitReportReporter -->
<testsuite hostname="nsg-static-133.7.73.182.airtelbroadband.in" name="com.genwi.refreshTest" tests="3" failures="0" timestamp="3 Mar 2014 11:54:28 GMT" time="38.131" errors="0">
  <testcase name="addCategory" time="17.842" classname="com.genwi.refreshTest"/>
  <testcase name="mCMSLogin" time="5.245" classname="com.genwi.refreshTest"/>
  <testcase name="launchApp" time="15.044" classname="com.genwi.refreshTest"/>
</testsuite> <!-- com.genwi.refreshTest -->
