<?xml version="1.0" encoding="UTF-8"?>
<!-- Generated by org.testng.reporters.JUnitReportReporter -->
<testsuite hostname="ip-192-168-1-133.ec2.internal" name="com.genwi.Analytics" tests="4" failures="0" timestamp="15 Apr 2014 07:22:10 GMT" time="19.951" errors="0">
  <testcase name="testArticlesViews" time="6.893" classname="com.genwi.Analytics"/>
  <testcase name="testArticleViews" time="4.626" classname="com.genwi.Analytics"/>
  <testcase name="testActives" time="4.182" classname="com.genwi.Analytics"/>
  <testcase name="testShareViews" time="4.250" classname="com.genwi.Analytics"/>
</testsuite> <!-- com.genwi.Analytics -->
