<?xml version="1.0" encoding="UTF-8"?>
<!-- Generated by org.testng.reporters.JUnitReportReporter -->
<testsuite hostname="nsg-static-133.7.73.182.airtelbroadband.in" name="com.genwi.mCMS_Full" tests="9" failures="0" timestamp="30 Apr 2014 12:13:57 GMT" time="172.659" errors="0">
  <testcase name="previewPost" time="6.212" classname="com.genwi.mCMS_Full"/>
  <testcase name="createApp" time="13.995" classname="com.genwi.mCMS_Full"/>
  <testcase name="previewFeeds" time="5.849" classname="com.genwi.mCMS_Full"/>
  <testcase name="addPost" time="13.279" classname="com.genwi.mCMS_Full"/>
  <testcase name="previewCategory" time="14.027" classname="com.genwi.mCMS_Full"/>
  <testcase name="addCategories" time="65.693" classname="com.genwi.mCMS_Full"/>
  <testcase name="previewfixedcontentFeed" time="6.135" classname="com.genwi.mCMS_Full"/>
  <testcase name="addFeeds" time="24.252" classname="com.genwi.mCMS_Full"/>
  <testcase name="Login" time="23.217" classname="com.genwi.mCMS_Full"/>
</testsuite> <!-- com.genwi.mCMS_Full -->
