<?xml version="1.0" encoding="UTF-8"?>
<!-- Generated by org.testng.reporters.JUnitReportReporter -->
<testsuite hostname="Abirami.local" name="com.genwi.Json_Parser" tests="2" failures="0" timestamp="12 Jun 2013 11:10:10 GMT" time="19.196" errors="0">
  <testcase name="TestLogin" time="9.038" classname="com.genwi.Json_Parser"/>
  <testcase name="App" time="10.158" classname="com.genwi.Json_Parser"/>
</testsuite> <!-- com.genwi.Json_Parser -->
