<?xml version="1.0" encoding="UTF-8"?>
<!-- Generated by org.testng.reporters.JUnitReportReporter -->
<testsuite hostname="Abirami.local" name="com.genwi.Activity_Tracking" tests="3" failures="0" timestamp="22 Nov 2013 09:51:59 GMT" time="124.615" errors="0">
  <testcase name="selectAccount" time="6.082" classname="com.genwi.Activity_Tracking"/>
  <testcase name="TestLogin" time="4.021" classname="com.genwi.Activity_Tracking"/>
  <testcase name="addFeed" time="114.512" classname="com.genwi.Activity_Tracking"/>
</testsuite> <!-- com.genwi.Activity_Tracking -->
