<?xml version="1.0" encoding="UTF-8"?>
<!-- Generated by org.testng.reporters.JUnitReportReporter -->
<testsuite hostname="nsg-static-133.7.73.182.airtelbroadband.in" name="com.genwi.mCMS_Test" tests="2" failures="0" timestamp="25 Apr 2014 11:00:15 GMT" time="92.442" errors="0">
  <testcase name="mCMSLogin" time="4.340" classname="com.genwi.mCMS_Test"/>
  <testcase name="backupApp" time="88.102" classname="com.genwi.mCMS_Test"/>
</testsuite> <!-- com.genwi.mCMS_Test -->
