<?xml version="1.0" encoding="UTF-8"?>
<!-- Generated by org.testng.reporters.JUnitReportReporter -->
<testsuite hostname="Abirami.local" name="com.genwi.CopyOfcontentModification" tests="3" failures="0" timestamp="26 Aug 2013 16:10:42 GMT" time="48.968" errors="0">
  <testcase name="launchApp" time="11.526" classname="com.genwi.CopyOfcontentModification"/>
  <testcase name="deletearticleDesign" time="32.473" classname="com.genwi.CopyOfcontentModification"/>
  <testcase name="TestLogin" time="4.969" classname="com.genwi.CopyOfcontentModification"/>
</testsuite> <!-- com.genwi.CopyOfcontentModification -->
